<?xml version="1.0" encoding="UTF-8"?>
<!-- Generated by org.testng.reporters.JUnitReportReporter -->
<testsuite hostname="user" failures="0" tests="1" name="testscript.TestNGAnnotation" time="0.037" errors="0" timestamp="2025-08-25T10:03:32 IST" skipped="0">
  <testcase classname="testscript.TestNGAnnotation" name="testcase" time="0.037"/>
</testsuite> <!-- testscript.TestNGAnnotation -->
