<?xml version="1.0" encoding="UTF-8"?>
<!-- Generated by org.testng.reporters.JUnitReportReporter -->
<testsuite hostname="user" failures="0" tests="1" name="testscript.LoginTest" time="7.028" errors="0" timestamp="2025-08-26T10:19:46 IST" skipped="0">
  <testcase classname="testscript.LoginTest" name="verifyWhetherUserIsLoggedInWithValidCredentials" time="7.028"/>
</testsuite> <!-- testscript.LoginTest -->
